REPOSITORY                                      TAG                                        IMAGE ID       CREATED              SIZE
yourname/ubuntu-tmp-file                        latest                                     7469c233d599   About a minute ago   63.1MB
hub.invitor.com/invitor_backend                 develop-20230203-654                       9af3c2e18fda   2 weeks ago          534MB
hub.invitor.com/invitor_backend                 latest                                     9af3c2e18fda   2 weeks ago          534MB
hub.invitor.com/invitor_messenger               latest                                     c7da2a6d5610   2 weeks ago          301MB
gralinte/front-admin2                           18.13-alpine3.17                           63c936793711   4 weeks ago          919MB
envoyproxy/envoy                                v1.25.0                                    5af2585e22ed   4 weeks ago          144MB
bitnami/mongodb                                 6.0                                        9e84da21d47f   4 weeks ago          589MB
curiefense/traffic-metrics-exporter             main                                       01bbff2b56ec   5 weeks ago          149MB
curiefense/redis                                main                                       99b9d9d45cae   5 weeks ago          113MB
curiefense/prometheus                           main                                       4bcb32740741   5 weeks ago          193MB
curiefense/grafana                              main                                       b259d892dfd6   5 weeks ago          202MB
curiefense/curiesync                            main                                       6ef5e298a8ef   5 weeks ago          286MB
curiefense/curieproxy-nginx                     main                                       5530a746b360   5 weeks ago          866MB
curiefense/curieproxy-envoy                     main                                       61cc0624eafa   5 weeks ago          412MB
curiefense/confserver                           main                                       c1395586a031   5 weeks ago          503MB
curiefense/uiserver                             main                                       efadce5a1a5f   5 weeks ago          40.6MB
node                                            lts-alpine3.17                             264f8646c2a6   6 weeks ago          173MB
hub.gralinte.com/prod-space/clientfrontend      v2.11.2-cargo-71-stage1                    6361038be24a   6 weeks ago          172MB
bkimminich/juice-shop                           latest                                     e738dcc64559   6 weeks ago          575MB
ubuntu                                          18.04                                      e28a50f651f9   7 weeks ago          63.1MB
hub.gralinte.com/prod-space/gazidbackend        v1.4.5-37-production                       0c02b798c5d1   7 weeks ago          748MB
hub.invitor.com/landing                         20221229-102109                            8c4461249fc8   7 weeks ago          28.3MB
hub.gralinte.com/prod-space/clientfrontend      v2.11.1-cargo-68-stage1                    2b74113a5755   7 weeks ago          172MB
hub.invitor.com/invitor_backend                 develop-20221227-584                       7c6ea4aac168   7 weeks ago          531MB
jmalloc/echo-server                             latest                                     3e8b363b62d2   2 months ago         5.05MB
gralinte/nginx-tcp-proxy                        nginx-1.23.3                               cf1e7b625945   2 months ago         142MB
hub.invitor.com/invitor_messenger               16122022_4                                 e02740f0ea63   2 months ago         299MB
hub.gralinte.com/prod-space/gazidbackend        v1.4.3-34-production                       9c47eca83a92   2 months ago         639MB
hub.gralinte.com/prod-space/gazidbackend        v1.4.2-31-production                       81950962be1a   2 months ago         639MB
vectorized/redpanda                             latest                                     c28809b85285   2 months ago         318MB
node                                            18.12-alpine3.17                           6d7b7852bcd3   2 months ago         169MB
envoyproxy/envoy                                v1.24-latest                               31c5425ee9f7   2 months ago         146MB
envoyproxy/envoy                                v1.24.1                                    31c5425ee9f7   2 months ago         146MB
sentry-cleanup-self-hosted-local                latest                                     25a840033cf4   2 months ago         904MB
sentry-self-hosted-local                        latest                                     8963c24f4de2   2 months ago         904MB
<none>                                          <none>                                     e92760ec5813   2 months ago         904MB
sentry-self-hosted-jq-local                     latest                                     6103a2164c1d   2 months ago         81.7MB
<none>                                          <none>                                     c2829ad98932   2 months ago         904MB
symbolicator-cleanup-self-hosted-local          latest                                     43601e9a103d   2 months ago         152MB
snuba-cleanup-self-hosted-local                 latest                                     3c01ea5658a8   2 months ago         458MB
getsentry/relay                                 22.11.0                                    c03345f00d05   3 months ago         242MB
getsentry/sentry                                22.11.0                                    2b356a85d353   3 months ago         904MB
getsentry/snuba                                 22.11.0                                    1c72ccdc9570   3 months ago         458MB
quay.io/prometheus/busybox                      latest                                     add485b0a5e8   3 months ago         2.66MB
postgres                                        14                                         c920f82d2df2   3 months ago         376MB
tianon/exim4                                    latest                                     9c9031bf2345   3 months ago         158MB
debian                                          bullseye-slim                              5a6a26692578   3 months ago         80.5MB
hub.gralinte.com/prod-space/gazidbackend        v1.3.1-16-production                       cf7c22996d60   3 months ago         638MB
hub.invitor.com/landing                         20221114-164330                            b11d0303d231   3 months ago         26.5MB
hub.invitor.com/landing                         20221114-160106                            6216c1add66d   3 months ago         26.5MB
hub.invitor.com/landing                         local_2                                    6216c1add66d   3 months ago         26.5MB
hub.invitor.com/landing                         local_1                                    43a94ab63c80   3 months ago         26.5MB
hub.gralinte.com/prod-space/gazidbackend        v1.3.0-14-production                       dc75b8b0ce8d   3 months ago         638MB
hub.gralinte.com/prod-space/gazidbackend        v1.2.0-12-production                       03bc3e2c9a5d   3 months ago         638MB
hub.gralinte.com/prod-space/gazidbackend        v1.1.2-11-gaztest                          b7f9250e0a30   3 months ago         638MB
hub.gralinte.com/prod-space/gazidbackend        v1.1.1-10-gaztest                          35b298c922d6   3 months ago         638MB
hub.gralinte.com/prod-space/gazidbackend        v1.1.0-9-gaztest                           8b42473809ec   3 months ago         638MB
nginx                                           1.23.2                                     76c69feac34e   3 months ago         142MB
postgis/postgis                                 14-master                                  1b77d59ca08e   3 months ago         568MB
postgres                                        14.5                                       cecf89e3640c   4 months ago         376MB
nginx                                           1.22.0-alpine                              5685937b6bc1   4 months ago         23.5MB
inbucket/inbucket                               latest                                     f1b5d4a2951c   4 months ago         25.8MB
hub.invitor.com/invitor_backend                 <none>                                     eabc3b875d33   5 months ago         523MB
hub.invitor.com/invitor_backend                 develop-20220919-355                       c8c7cce5a4cb   5 months ago         523MB
hub.invitor.com/eventinlondon-landing           20220909-173237                            fbecd79993e7   5 months ago         26.5MB
hub.invitor.com/eventinlondon-landing           20220909-162329                            53ac77d08281   5 months ago         26.5MB
linuxserver/wireguard                           1.0.20210914                               2a6cc2be5953   5 months ago         506MB
linuxserver/wireguard                           latest                                     2a6cc2be5953   5 months ago         506MB
lscr.io/linuxserver/wireguard                   latest                                     2a6cc2be5953   5 months ago         506MB
prometheuscommunity/postgres-exporter           v0.12.0-rc.0                               ddcdfcc44f7b   5 months ago         18.4MB
gralinte/nginx-push-stream-module               1.22.0                                     6f1a1be128f4   5 months ago         12.8MB
shurco/nginx-push-stream-module                 1.22.0                                     6f1a1be128f4   5 months ago         12.8MB
hub.invitor.com/nginx-push-stream-module        30122021                                   6f1a1be128f4   5 months ago         12.8MB
docker.elastic.co/elasticsearch/elasticsearch   7.17.6                                     5fad10241ffd   6 months ago         606MB
docker.elastic.co/kibana/kibana                 7.17.6                                     4239c3f5bd3d   6 months ago         799MB
quay.io/prometheuscommunity/postgres-exporter   latest                                     74d2fcecd9a0   6 months ago         17.9MB
nginx                                           alpine                                     804f9cebfdc5   6 months ago         23.5MB
docker_web                                      latest                                     0163a6055695   6 months ago         250MB
<none>                                          <none>                                     dbadd1905c7c   6 months ago         782MB
python                                          3.10-slim-buster                           91479dc188b0   6 months ago         119MB
postgres                                        12                                         4c69e29b9bc4   6 months ago         373MB
ealen/echo-server                               0.7.0                                      6d4599601f8b   6 months ago         113MB
ealen/echo-server                               latest                                     6d4599601f8b   6 months ago         113MB
hub.invitor.com/landing                         20220714-160853                            9ad0a64b42bf   7 months ago         26.5MB
n8nio/n8n                                       0.185.0                                    76b5526963c6   7 months ago         653MB
hub.gralinte.com/prod-space/clientfrontend      v2.13.10-28-test                           a2912cea5029   7 months ago         171MB
hub.invitor.com/geo                             9d89a3a6ac7a5dca79cab707854928719769a42a   4093b2398d98   7 months ago         222MB
docker.elastic.co/eck/eck-operator              2.3.0                                      3ece38a5265d   7 months ago         66.2MB
gitlab/gitlab-ee                                15.0.3-ee.0                                b7afb6721566   8 months ago         2.72GB
gitlab/gitlab-ee                                latest                                     b7afb6721566   8 months ago         2.72GB
linuxserver/healthchecks                        2.2.1                                      c46c14ef6a5b   8 months ago         175MB
hub.gralinte.com/prod-space/frontend            v2.75.0-457-sandbox                        006ea1fccaac   8 months ago         1.64GB
getsentry/symbolicator                          0.5.1                                      543d5fd4f165   8 months ago         152MB
gralinte/front-admin                            16.15-alpine3.14                           583aa44f7886   8 months ago         479MB
node                                            lts-alpine3.14                             2680430c119d   8 months ago         112MB
prom/pushgateway                                latest                                     f5060376edfd   8 months ago         19.9MB
registry                                        2                                          773dbf02e42e   9 months ago         24.1MB
n8nio/n8n                                       0.178.0                                    e45c5385568c   9 months ago         579MB
n8nio/n8n                                       latest                                     e45c5385568c   9 months ago         579MB
nginx                                           1.21-alpine                                b1c3acb28882   9 months ago         23.4MB
rnwood/smtp4dev                                 latest                                     61bb7cf0c8be   9 months ago         270MB
timberio/vector                                 0.21.2-alpine                              8f8e4ae4ba18   9 months ago         122MB
rocketchat/rocket.chat                          latest                                     01fc4d7fafad   9 months ago         1.09GB
altinity/clickhouse-server                      21.8.15.15.altinitystable                  6b22bb62f8bc   9 months ago         706MB
mongo                                           4.2                                        5db1c04860da   9 months ago         388MB
hub.invitor.com/landing                         20220428-211636                            70153416dcda   9 months ago         25.8MB
hub.gralinte.com/prod-space/gazesalebackend     v2.72.20-1-esale-sandbox                   fbb23eeba239   9 months ago         1.03GB
hub.invitor.com/landing                         20220428-121100                            2e2f7d821ce5   9 months ago         25.8MB
hub.invitor.com/authcloud                       20220425-125327                            06a53a770244   10 months ago        231MB
hub.invitor.com/invitor-auth-cloud              29122021                                   06a53a770244   10 months ago        231MB
mongo                                           <none>                                     8853c158df69   10 months ago        388MB
rocket.chat                                     4.6.3                                      d55bb2f4cfc3   10 months ago        878MB
registry.rocket.chat/rocketchat/rocket.chat     4.6.3                                      93d1a291fe9f   10 months ago        953MB
wordpress                                       latest                                     744143078625   10 months ago        605MB
grafana/grafana                                 latest                                     7a414d9a5e42   10 months ago        279MB
hub.invitor.com/landing                         20220330-163109                            90105ca7199e   10 months ago        25.8MB
mysql                                           5.7                                        f26e21ddd20d   10 months ago        450MB
hub.invitor.com/invitor_metrics                 20220328-170950                            8cfd84211e4b   10 months ago        155MB
hub.invitor.com/invitor_metrics                 latest                                     8cfd84211e4b   10 months ago        155MB
restic/restic                                   0.13.0                                     06f88aa692c5   11 months ago        31.6MB
prom/alertmanager                               latest                                     e556bd45e16c   11 months ago        59.7MB
italux/sentry-prometheus-exporter               latest                                     c0f272029c58   11 months ago        137MB
prom/prometheus                                 latest                                     e3cf894a63f5   11 months ago        205MB
overv/openstreetmap-tile-server                 latest                                     433af03d75fc   11 months ago        1.13GB
overv/openstreetmap-tile-server                 v1.8.2                                     433af03d75fc   11 months ago        1.13GB
ubuntu                                          latest                                     2b4cba85892a   11 months ago        72.8MB
routersploit                                    latest                                     cadc0216500d   11 months ago        966MB
hub.invitor.com/livekit-demo                    1                                          3a388b72f3ef   11 months ago        37MB
redis                                           latest                                     8f8e3073a3f6   11 months ago        113MB
livekit/generate                                latest                                     7f7d61fb40af   11 months ago        20MB
livekit/livekit-server                          latest                                     af8368c05c19   11 months ago        34.7MB
hub.invitor.com/invitor_backend_base            21022022                                   ea88835eb97e   12 months ago        1.38GB
postgis/postgis                                 <none>                                     c76e507cfe1b   12 months ago        818MB
hub.invitor.com/invitor_site                    develop-20220213-1                         3d118e53daa5   12 months ago        32.5MB
postgres                                        9.6                                        027ccf656dc1   12 months ago        200MB
busybox                                         latest                                     ec3f0931a6e6   12 months ago        1.24MB
neilpang/acme.sh                                latest                                     2d32060b1d90   12 months ago        28.4MB
elasticdump/elasticsearch-dump                  latest                                     1edb80ef57d2   12 months ago        269MB
hub.invitor.com/landing                         20220127-143538                            25c9f2126d42   12 months ago        25.9MB
nginx                                           latest                                     c316d5a335a5   13 months ago        141MB
httpd                                           2                                          a8ea074f4566   13 months ago        144MB
yandex/clickhouse-server                        21-alpine                                  e9ad1a7f0693   13 months ago        693MB
docker.elastic.co/elasticsearch/elasticsearch   7.16.3                                     3a5e93284781   13 months ago        611MB
docker.elastic.co/kibana/kibana                 7.16.3                                     df64a680d590   13 months ago        1.3GB
python                                          3.6                                        54260638d07c   14 months ago        902MB
redis                                           6-alpine                                   3900abf41552   14 months ago        32.4MB
alpine                                          latest                                     c059bfaa849c   15 months ago        5.58MB
envoyproxy/envoy-dev                            3975bf5dadb43421907bbc52df57c0e8539c9a06   fcd0e861dc78   16 months ago        126MB
envoyproxy/envoy-dev                            latest                                     fcd0e861dc78   16 months ago        126MB
confluentinc/cp-kafka                           5.5.0                                      efc480c1c89c   16 months ago        598MB
confluentinc/cp-zookeeper                       5.5.0                                      ddeb961d8e80   16 months ago        598MB
jaegertracing/all-in-one                        1.27                                       97295a1837ab   16 months ago        59.1MB
rocket.chat                                     4.0.0                                      8afd7480e3aa   16 months ago        828MB
hello-world                                     latest                                     feb5d9fea6a5   17 months ago        13.3kB
redis                                           6.2.4-alpine                               500703a12fa4   19 months ago        32.3MB
memcached                                       1.6.9-alpine                               a0132b3398e4   20 months ago        8.08MB
ujamii/prometheus-sentry-exporter               latest                                     fa2534e641c4   21 months ago        498MB
curlimages/curl                                 7.77.0                                     e062233fb4a9   21 months ago        8.25MB
rocket.chat                                     3.14.0                                     c15eb6a532b2   21 months ago        830MB
maxmindinc/geoipupdate                          v4.7.1                                     8ec32cc727c7   22 months ago        10.6MB
wrouesnel/postgres_exporter                     latest                                     9fe9d3d02141   2 years ago          88.6MB
docker.elastic.co/elasticsearch/elasticsearch   7.11.0                                     d3e8b103c135   2 years ago          819MB
docker.elastic.co/kibana/kibana                 7.11.0                                     f48b11156469   2 years ago          1.01GB
vptech/sentry-exporter                          latest                                     07b84299581c   2 years ago          16.5MB
gralinte/front-admin                            14.15-alpine3.12                           74dd652d714f   2 years ago          491MB
gcr.io/cadvisor/cadvisor                        latest                                     68c29634fe49   2 years ago          163MB
golang                                          1.15.3                                     4a581cd6feb1   2 years ago          839MB
clickhouse-self-hosted-local                    latest                                     abe55fc6544d   2 years ago          497MB
yandex/clickhouse-server                        20.3.9.70                                  abe55fc6544d   2 years ago          497MB
ibmcom/curl                                     4.2.0-build.2                              99430ee04646   3 years ago          376MB
docker.elastic.co/kibana/kibana                 7.4.2                                      230d3ded1abc   3 years ago          1.1GB
docker.elastic.co/elasticsearch/elasticsearch   7.4.2                                      b1179d41a7b4   3 years ago          855MB
postgres                                        9.6.15                                     afd8110f1813   3 years ago          211MB
zabbix/zabbix-web-nginx-pgsql                   alpine-4.2.6                               a937389758a0   3 years ago          118MB
zabbix/zabbix-server-pgsql                      alpine-4.2.6                               40dbc83a000f   3 years ago          35.1MB
rocket.chat                                     1.2                                        9ec4274ca454   3 years ago          696MB
local_seafile/server                            latest                                     5dfda333f5cf   5 years ago          831MB


Ответ на вопрос: 
 - Образ это архив слоев, а контейнер это "запущеный" образ, то есть, слои + параметры. Соответственно, вывод команды `docker inspect` для образа и комнтейнера отличается этими параметрами и описанием слоев. Для образа это метаданные создания этого образа, для контейнера просто образ который запущен, также актуальны такие параметры как сеть, примонтированые пути, текущие состояние контейнера.